<?xml version="1.0" encoding="UTF-8"?>
<!-- Generated by org.testng.reporters.JUnitXMLReporter -->
<testsuite hostname="wzhang.local" name="Command line test" tests="13" failures="0" timestamp="8 Nov 2013 13:04:34 GMT" time="0.276" errors="0">
  <testcase name="testAddSentence" time="0.012" classname="com.springapp.mvc.controller.FinalPoemControllerTest"/>
  <testcase name="testOnPage" time="0.022" classname="com.springapp.mvc.controller.FinalPoemControllerTest"/>
  <testcase name="testAddSentence" time="0.001" classname="com.springapp.mvc.controller.FirstSentenceControllerTest"/>
  <testcase name="testOnPage" time="0.0" classname="com.springapp.mvc.controller.FirstSentenceControllerTest"/>
  <testcase name="testAddSentence" time="0.0" classname="com.springapp.mvc.controller.FourthSentenceControllerTest"/>
  <testcase name="testOnPage" time="0.0" classname="com.springapp.mvc.controller.FourthSentenceControllerTest"/>
  <testcase name="testAddSentenceToCurrentPoem" time="0.005" classname="com.springapp.mvc.service.PoemServiceTest"/>
  <testcase name="testAddSentencesToModel" time="0.002" classname="com.springapp.mvc.service.PoemServiceTest"/>
  <testcase name="testInitTheNewPoem" time="0.001" classname="com.springapp.mvc.service.PoemServiceTest"/>
  <testcase name="testAddSentence" time="0.001" classname="com.springapp.mvc.controller.SecondSentenceControllerTest"/>
  <testcase name="testOnPage" time="0.001" classname="com.springapp.mvc.controller.SecondSentenceControllerTest"/>
  <testcase name="testAddSentence" time="0.0" classname="com.springapp.mvc.controller.ThirdSentenceControllerTest"/>
  <testcase name="testOnPage" time="0.001" classname="com.springapp.mvc.controller.ThirdSentenceControllerTest"/>
</testsuite>
