<?xml version="1.0" encoding="UTF-8" ?>
<testsuite failures="0" time="0.623" errors="0" skipped="0" tests="13" name="TestSuite">
  <properties>
[...]
</properties>
  <testcase time="0.013" classname="com.springapp.mvc.controller.FinalPoemControllerTest" name="testAddSentence"/>
  <testcase time="0.022" classname="com.springapp.mvc.controller.FinalPoemControllerTest" name="testOnPage"/>
  <testcase time="0.001" classname="com.springapp.mvc.controller.FirstSentenceControllerTest" name="testAddSentence"/>
  <testcase time="0" classname="com.springapp.mvc.controller.FirstSentenceControllerTest" name="testOnPage"/>
  <testcase time="0" classname="com.springapp.mvc.controller.FourthSentenceControllerTest" name="testAddSentence"/>
  <testcase time="0" classname="com.springapp.mvc.controller.FourthSentenceControllerTest" name="testOnPage"/>
  <testcase time="0.005" classname="com.springapp.mvc.service.PoemServiceTest" name="testAddSentenceToCurrentPoem"/>
  <testcase time="0.001" classname="com.springapp.mvc.service.PoemServiceTest" name="testAddSentencesToModel"/>
  <testcase time="0.001" classname="com.springapp.mvc.service.PoemServiceTest" name="testInitTheNewPoem"/>
  <testcase time="0.001" classname="com.springapp.mvc.controller.SecondSentenceControllerTest" name="testAddSentence"/>
  <testcase time="0.001" classname="com.springapp.mvc.controller.SecondSentenceControllerTest" name="testOnPage"/>
  <testcase time="0" classname="com.springapp.mvc.controller.ThirdSentenceControllerTest" name="testAddSentence"/>
  <testcase time="0" classname="com.springapp.mvc.controller.ThirdSentenceControllerTest" name="testOnPage"/>
</testsuite>