<?xml version="1.0" encoding="UTF-8" ?>
<testsuite tests="39" failures="12" name="TestSuite" time="0.661" errors="0" skipped="27">
  <properties>
[...]
</properties>
  <testcase classname="com.springapp.mvc.controller.FinalPoemControllerTest" name="setUp" time="0.319">
    <failure message="javax/servlet/AsyncContext" type="java.lang.NoClassDefFoundError">java.lang.NoClassDefFoundError: javax/servlet/AsyncContext
	at com.springapp.mvc.controller.FinalPoemControllerTest.setUp(FinalPoemControllerTest.java:32)
Caused by: java.lang.ClassNotFoundException: javax.servlet.AsyncContext
	at java.net.URLClassLoader.findClass(URLClassLoader.java:382)
	at java.lang.ClassLoader.loadClass(ClassLoader.java:424)
	at sun.misc.Launcher$AppClassLoader.loadClass(Launcher.java:349)
	at java.lang.ClassLoader.loadClass(ClassLoader.java:357)
	... 37 more
</failure>
    <system-out>Configuring TestNG with: org.apache.maven.surefire.testng.conf.TestNGMapConfigurator@6979e8cb
</system-out>
  </testcase>
  <testcase classname="com.springapp.mvc.controller.FinalPoemControllerTest" name="setUp" time="0.32">
    <failure message="javax/servlet/AsyncContext" type="java.lang.NoClassDefFoundError">java.lang.NoClassDefFoundError: javax/servlet/AsyncContext
	at com.springapp.mvc.controller.FinalPoemControllerTest.setUp(FinalPoemControllerTest.java:32)
Caused by: java.lang.ClassNotFoundException: javax.servlet.AsyncContext
	at java.net.URLClassLoader.findClass(URLClassLoader.java:382)
	at java.lang.ClassLoader.loadClass(ClassLoader.java:424)
	at sun.misc.Launcher$AppClassLoader.loadClass(Launcher.java:349)
	at java.lang.ClassLoader.loadClass(ClassLoader.java:357)
	... 37 more
</failure>
  </testcase>
  <testcase classname="com.springapp.mvc.controller.FinalPoemControllerTest" name="testAddSentence" time="0">
    <skipped/>
  </testcase>
  <testcase classname="com.springapp.mvc.controller.FinalPoemControllerTest" name="setUp" time="0">
    <skipped/>
  </testcase>
  <testcase classname="com.springapp.mvc.controller.FinalPoemControllerTest" name="setUp" time="0">
    <skipped/>
  </testcase>
  <testcase classname="com.springapp.mvc.controller.FinalPoemControllerTest" name="testOnPage" time="0">
    <skipped/>
  </testcase>
  <testcase classname="com.springapp.mvc.controller.FirstSentenceControllerTest" name="setUp" time="0.002">
    <failure message="javax/servlet/AsyncContext" type="java.lang.NoClassDefFoundError">java.lang.NoClassDefFoundError: javax/servlet/AsyncContext
	at com.springapp.mvc.controller.FirstSentenceControllerTest.setUp(FirstSentenceControllerTest.java:34)
Caused by: java.lang.ClassNotFoundException: javax.servlet.AsyncContext
	at java.net.URLClassLoader.findClass(URLClassLoader.java:382)
	at java.lang.ClassLoader.loadClass(ClassLoader.java:424)
	at sun.misc.Launcher$AppClassLoader.loadClass(Launcher.java:349)
	at java.lang.ClassLoader.loadClass(ClassLoader.java:357)
	... 37 more
</failure>
  </testcase>
  <testcase classname="com.springapp.mvc.controller.FirstSentenceControllerTest" name="setUp" time="0.002">
    <failure message="javax/servlet/AsyncContext" type="java.lang.NoClassDefFoundError">java.lang.NoClassDefFoundError: javax/servlet/AsyncContext
	at com.springapp.mvc.controller.FirstSentenceControllerTest.setUp(FirstSentenceControllerTest.java:34)
Caused by: java.lang.ClassNotFoundException: javax.servlet.AsyncContext
	at java.net.URLClassLoader.findClass(URLClassLoader.java:382)
	at java.lang.ClassLoader.loadClass(ClassLoader.java:424)
	at sun.misc.Launcher$AppClassLoader.loadClass(Launcher.java:349)
	at java.lang.ClassLoader.loadClass(ClassLoader.java:357)
	... 37 more
</failure>
  </testcase>
  <testcase classname="com.springapp.mvc.controller.FirstSentenceControllerTest" name="testAddSentence" time="0">
    <skipped/>
  </testcase>
  <testcase classname="com.springapp.mvc.controller.FirstSentenceControllerTest" name="setUp" time="0.001">
    <skipped/>
  </testcase>
  <testcase classname="com.springapp.mvc.controller.FirstSentenceControllerTest" name="setUp" time="0.001">
    <skipped/>
  </testcase>
  <testcase classname="com.springapp.mvc.controller.FirstSentenceControllerTest" name="testOnPage" time="0">
    <skipped/>
  </testcase>
  <testcase classname="com.springapp.mvc.controller.FourthSentenceControllerTest" name="setUp" time="0.002">
    <failure message="javax/servlet/AsyncContext" type="java.lang.NoClassDefFoundError">java.lang.NoClassDefFoundError: javax/servlet/AsyncContext
	at com.springapp.mvc.controller.FourthSentenceControllerTest.setUp(FourthSentenceControllerTest.java:33)
Caused by: java.lang.ClassNotFoundException: javax.servlet.AsyncContext
	at java.net.URLClassLoader.findClass(URLClassLoader.java:382)
	at java.lang.ClassLoader.loadClass(ClassLoader.java:424)
	at sun.misc.Launcher$AppClassLoader.loadClass(Launcher.java:349)
	at java.lang.ClassLoader.loadClass(ClassLoader.java:357)
	... 37 more
</failure>
  </testcase>
  <testcase classname="com.springapp.mvc.controller.FourthSentenceControllerTest" name="setUp" time="0.002">
    <failure message="javax/servlet/AsyncContext" type="java.lang.NoClassDefFoundError">java.lang.NoClassDefFoundError: javax/servlet/AsyncContext
	at com.springapp.mvc.controller.FourthSentenceControllerTest.setUp(FourthSentenceControllerTest.java:33)
Caused by: java.lang.ClassNotFoundException: javax.servlet.AsyncContext
	at java.net.URLClassLoader.findClass(URLClassLoader.java:382)
	at java.lang.ClassLoader.loadClass(ClassLoader.java:424)
	at sun.misc.Launcher$AppClassLoader.loadClass(Launcher.java:349)
	at java.lang.ClassLoader.loadClass(ClassLoader.java:357)
	... 37 more
</failure>
  </testcase>
  <testcase classname="com.springapp.mvc.controller.FourthSentenceControllerTest" name="testAddSentence" time="0">
    <skipped/>
  </testcase>
  <testcase classname="com.springapp.mvc.controller.FourthSentenceControllerTest" name="setUp" time="0">
    <skipped/>
  </testcase>
  <testcase classname="com.springapp.mvc.controller.FourthSentenceControllerTest" name="setUp" time="0.001">
    <skipped/>
  </testcase>
  <testcase classname="com.springapp.mvc.controller.FourthSentenceControllerTest" name="testOnPage" time="0">
    <skipped/>
  </testcase>
  <testcase classname="com.springapp.mvc.service.PoemServiceTest" name="setUp" time="0.001">
    <failure message="javax/servlet/AsyncContext" type="java.lang.NoClassDefFoundError">java.lang.NoClassDefFoundError: javax/servlet/AsyncContext
	at com.springapp.mvc.service.PoemServiceTest.setUp(PoemServiceTest.java:31)
Caused by: java.lang.ClassNotFoundException: javax.servlet.AsyncContext
	at java.net.URLClassLoader.findClass(URLClassLoader.java:382)
	at java.lang.ClassLoader.loadClass(ClassLoader.java:424)
	at sun.misc.Launcher$AppClassLoader.loadClass(Launcher.java:349)
	at java.lang.ClassLoader.loadClass(ClassLoader.java:357)
	... 37 more
</failure>
  </testcase>
  <testcase classname="com.springapp.mvc.service.PoemServiceTest" name="setUp" time="0.001">
    <failure message="javax/servlet/AsyncContext" type="java.lang.NoClassDefFoundError">java.lang.NoClassDefFoundError: javax/servlet/AsyncContext
	at com.springapp.mvc.service.PoemServiceTest.setUp(PoemServiceTest.java:31)
Caused by: java.lang.ClassNotFoundException: javax.servlet.AsyncContext
	at java.net.URLClassLoader.findClass(URLClassLoader.java:382)
	at java.lang.ClassLoader.loadClass(ClassLoader.java:424)
	at sun.misc.Launcher$AppClassLoader.loadClass(Launcher.java:349)
	at java.lang.ClassLoader.loadClass(ClassLoader.java:357)
	... 37 more
</failure>
  </testcase>
  <testcase classname="com.springapp.mvc.service.PoemServiceTest" name="testAddSentenceToCurrentPoem" time="0">
    <skipped/>
  </testcase>
  <testcase classname="com.springapp.mvc.service.PoemServiceTest" name="setUp" time="0">
    <skipped/>
  </testcase>
  <testcase classname="com.springapp.mvc.service.PoemServiceTest" name="setUp" time="0">
    <skipped/>
  </testcase>
  <testcase classname="com.springapp.mvc.service.PoemServiceTest" name="testAddSentencesToModel" time="0">
    <skipped/>
  </testcase>
  <testcase classname="com.springapp.mvc.service.PoemServiceTest" name="setUp" time="0.001">
    <skipped/>
  </testcase>
  <testcase classname="com.springapp.mvc.service.PoemServiceTest" name="setUp" time="0.001">
    <skipped/>
  </testcase>
  <testcase classname="com.springapp.mvc.service.PoemServiceTest" name="testInitTheNewPoem" time="0">
    <skipped/>
  </testcase>
  <testcase classname="com.springapp.mvc.controller.SecondSentenceControllerTest" name="setUp" time="0.001">
    <failure message="javax/servlet/AsyncContext" type="java.lang.NoClassDefFoundError">java.lang.NoClassDefFoundError: javax/servlet/AsyncContext
	at com.springapp.mvc.controller.SecondSentenceControllerTest.setUp(SecondSentenceControllerTest.java:35)
Caused by: java.lang.ClassNotFoundException: javax.servlet.AsyncContext
	at java.net.URLClassLoader.findClass(URLClassLoader.java:382)
	at java.lang.ClassLoader.loadClass(ClassLoader.java:424)
	at sun.misc.Launcher$AppClassLoader.loadClass(Launcher.java:349)
	at java.lang.ClassLoader.loadClass(ClassLoader.java:357)
	... 37 more
</failure>
  </testcase>
  <testcase classname="com.springapp.mvc.controller.SecondSentenceControllerTest" name="setUp" time="0.002">
    <failure message="javax/servlet/AsyncContext" type="java.lang.NoClassDefFoundError">java.lang.NoClassDefFoundError: javax/servlet/AsyncContext
	at com.springapp.mvc.controller.SecondSentenceControllerTest.setUp(SecondSentenceControllerTest.java:35)
Caused by: java.lang.ClassNotFoundException: javax.servlet.AsyncContext
	at java.net.URLClassLoader.findClass(URLClassLoader.java:382)
	at java.lang.ClassLoader.loadClass(ClassLoader.java:424)
	at sun.misc.Launcher$AppClassLoader.loadClass(Launcher.java:349)
	at java.lang.ClassLoader.loadClass(ClassLoader.java:357)
	... 37 more
</failure>
  </testcase>
  <testcase classname="com.springapp.mvc.controller.SecondSentenceControllerTest" name="testAddSentence" time="0">
    <skipped/>
  </testcase>
  <testcase classname="com.springapp.mvc.controller.SecondSentenceControllerTest" name="setUp" time="0">
    <skipped/>
  </testcase>
  <testcase classname="com.springapp.mvc.controller.SecondSentenceControllerTest" name="setUp" time="0">
    <skipped/>
  </testcase>
  <testcase classname="com.springapp.mvc.controller.SecondSentenceControllerTest" name="testOnPage" time="0">
    <skipped/>
  </testcase>
  <testcase classname="com.springapp.mvc.controller.ThirdSentenceControllerTest" name="setUp" time="0.002">
    <failure message="javax/servlet/AsyncContext" type="java.lang.NoClassDefFoundError">java.lang.NoClassDefFoundError: javax/servlet/AsyncContext
	at com.springapp.mvc.controller.ThirdSentenceControllerTest.setUp(ThirdSentenceControllerTest.java:33)
Caused by: java.lang.ClassNotFoundException: javax.servlet.AsyncContext
	at java.net.URLClassLoader.findClass(URLClassLoader.java:382)
	at java.lang.ClassLoader.loadClass(ClassLoader.java:424)
	at sun.misc.Launcher$AppClassLoader.loadClass(Launcher.java:349)
	at java.lang.ClassLoader.loadClass(ClassLoader.java:357)
	... 37 more
</failure>
  </testcase>
  <testcase classname="com.springapp.mvc.controller.ThirdSentenceControllerTest" name="setUp" time="0.002">
    <failure message="javax/servlet/AsyncContext" type="java.lang.NoClassDefFoundError">java.lang.NoClassDefFoundError: javax/servlet/AsyncContext
	at com.springapp.mvc.controller.ThirdSentenceControllerTest.setUp(ThirdSentenceControllerTest.java:33)
Caused by: java.lang.ClassNotFoundException: javax.servlet.AsyncContext
	at java.net.URLClassLoader.findClass(URLClassLoader.java:382)
	at java.lang.ClassLoader.loadClass(ClassLoader.java:424)
	at sun.misc.Launcher$AppClassLoader.loadClass(Launcher.java:349)
	at java.lang.ClassLoader.loadClass(ClassLoader.java:357)
	... 37 more
</failure>
  </testcase>
  <testcase classname="com.springapp.mvc.controller.ThirdSentenceControllerTest" name="testAddSentence" time="0">
    <skipped/>
  </testcase>
  <testcase classname="com.springapp.mvc.controller.ThirdSentenceControllerTest" name="setUp" time="0">
    <skipped/>
  </testcase>
  <testcase classname="com.springapp.mvc.controller.ThirdSentenceControllerTest" name="setUp" time="0">
    <skipped/>
  </testcase>
  <testcase classname="com.springapp.mvc.controller.ThirdSentenceControllerTest" name="testOnPage" time="0">
    <skipped/>
  </testcase>
</testsuite>