-------------------------------------------------------------------------------
Test set: TestSuite
-------------------------------------------------------------------------------
Tests run: 39, Failures: 12, Errors: 0, Skipped: 27, Time elapsed: 0.435 sec <<< FAILURE!
setUp(com.springapp.mvc.controller.FinalPoemControllerTest)  Time elapsed: 0.319 sec  <<< FAILURE!
java.lang.NoClassDefFoundError: javax/servlet/AsyncContext
	at com.springapp.mvc.controller.FinalPoemControllerTest.setUp(FinalPoemControllerTest.java:32)
Caused by: java.lang.ClassNotFoundException: javax.servlet.AsyncContext
	at java.net.URLClassLoader.findClass(URLClassLoader.java:382)
	at java.lang.ClassLoader.loadClass(ClassLoader.java:424)
	at sun.misc.Launcher$AppClassLoader.loadClass(Launcher.java:349)
	at java.lang.ClassLoader.loadClass(ClassLoader.java:357)
	... 37 more

setUp(com.springapp.mvc.controller.FinalPoemControllerTest)  Time elapsed: 0.32 sec  <<< FAILURE!
java.lang.NoClassDefFoundError: javax/servlet/AsyncContext
	at com.springapp.mvc.controller.FinalPoemControllerTest.setUp(FinalPoemControllerTest.java:32)
Caused by: java.lang.ClassNotFoundException: javax.servlet.AsyncContext
	at java.net.URLClassLoader.findClass(URLClassLoader.java:382)
	at java.lang.ClassLoader.loadClass(ClassLoader.java:424)
	at sun.misc.Launcher$AppClassLoader.loadClass(Launcher.java:349)
	at java.lang.ClassLoader.loadClass(ClassLoader.java:357)
	... 37 more

setUp(com.springapp.mvc.controller.FirstSentenceControllerTest)  Time elapsed: 0.002 sec  <<< FAILURE!
java.lang.NoClassDefFoundError: javax/servlet/AsyncContext
	at com.springapp.mvc.controller.FirstSentenceControllerTest.setUp(FirstSentenceControllerTest.java:34)
Caused by: java.lang.ClassNotFoundException: javax.servlet.AsyncContext
	at java.net.URLClassLoader.findClass(URLClassLoader.java:382)
	at java.lang.ClassLoader.loadClass(ClassLoader.java:424)
	at sun.misc.Launcher$AppClassLoader.loadClass(Launcher.java:349)
	at java.lang.ClassLoader.loadClass(ClassLoader.java:357)
	... 37 more

setUp(com.springapp.mvc.controller.FirstSentenceControllerTest)  Time elapsed: 0.002 sec  <<< FAILURE!
java.lang.NoClassDefFoundError: javax/servlet/AsyncContext
	at com.springapp.mvc.controller.FirstSentenceControllerTest.setUp(FirstSentenceControllerTest.java:34)
Caused by: java.lang.ClassNotFoundException: javax.servlet.AsyncContext
	at java.net.URLClassLoader.findClass(URLClassLoader.java:382)
	at java.lang.ClassLoader.loadClass(ClassLoader.java:424)
	at sun.misc.Launcher$AppClassLoader.loadClass(Launcher.java:349)
	at java.lang.ClassLoader.loadClass(ClassLoader.java:357)
	... 37 more

setUp(com.springapp.mvc.controller.FourthSentenceControllerTest)  Time elapsed: 0.002 sec  <<< FAILURE!
java.lang.NoClassDefFoundError: javax/servlet/AsyncContext
	at com.springapp.mvc.controller.FourthSentenceControllerTest.setUp(FourthSentenceControllerTest.java:33)
Caused by: java.lang.ClassNotFoundException: javax.servlet.AsyncContext
	at java.net.URLClassLoader.findClass(URLClassLoader.java:382)
	at java.lang.ClassLoader.loadClass(ClassLoader.java:424)
	at sun.misc.Launcher$AppClassLoader.loadClass(Launcher.java:349)
	at java.lang.ClassLoader.loadClass(ClassLoader.java:357)
	... 37 more

setUp(com.springapp.mvc.controller.FourthSentenceControllerTest)  Time elapsed: 0.002 sec  <<< FAILURE!
java.lang.NoClassDefFoundError: javax/servlet/AsyncContext
	at com.springapp.mvc.controller.FourthSentenceControllerTest.setUp(FourthSentenceControllerTest.java:33)
Caused by: java.lang.ClassNotFoundException: javax.servlet.AsyncContext
	at java.net.URLClassLoader.findClass(URLClassLoader.java:382)
	at java.lang.ClassLoader.loadClass(ClassLoader.java:424)
	at sun.misc.Launcher$AppClassLoader.loadClass(Launcher.java:349)
	at java.lang.ClassLoader.loadClass(ClassLoader.java:357)
	... 37 more

setUp(com.springapp.mvc.service.PoemServiceTest)  Time elapsed: 0.001 sec  <<< FAILURE!
java.lang.NoClassDefFoundError: javax/servlet/AsyncContext
	at com.springapp.mvc.service.PoemServiceTest.setUp(PoemServiceTest.java:31)
Caused by: java.lang.ClassNotFoundException: javax.servlet.AsyncContext
	at java.net.URLClassLoader.findClass(URLClassLoader.java:382)
	at java.lang.ClassLoader.loadClass(ClassLoader.java:424)
	at sun.misc.Launcher$AppClassLoader.loadClass(Launcher.java:349)
	at java.lang.ClassLoader.loadClass(ClassLoader.java:357)
	... 37 more

setUp(com.springapp.mvc.service.PoemServiceTest)  Time elapsed: 0.001 sec  <<< FAILURE!
java.lang.NoClassDefFoundError: javax/servlet/AsyncContext
	at com.springapp.mvc.service.PoemServiceTest.setUp(PoemServiceTest.java:31)
Caused by: java.lang.ClassNotFoundException: javax.servlet.AsyncContext
	at java.net.URLClassLoader.findClass(URLClassLoader.java:382)
	at java.lang.ClassLoader.loadClass(ClassLoader.java:424)
	at sun.misc.Launcher$AppClassLoader.loadClass(Launcher.java:349)
	at java.lang.ClassLoader.loadClass(ClassLoader.java:357)
	... 37 more

setUp(com.springapp.mvc.controller.SecondSentenceControllerTest)  Time elapsed: 0.001 sec  <<< FAILURE!
java.lang.NoClassDefFoundError: javax/servlet/AsyncContext
	at com.springapp.mvc.controller.SecondSentenceControllerTest.setUp(SecondSentenceControllerTest.java:35)
Caused by: java.lang.ClassNotFoundException: javax.servlet.AsyncContext
	at java.net.URLClassLoader.findClass(URLClassLoader.java:382)
	at java.lang.ClassLoader.loadClass(ClassLoader.java:424)
	at sun.misc.Launcher$AppClassLoader.loadClass(Launcher.java:349)
	at java.lang.ClassLoader.loadClass(ClassLoader.java:357)
	... 37 more

setUp(com.springapp.mvc.controller.SecondSentenceControllerTest)  Time elapsed: 0.002 sec  <<< FAILURE!
java.lang.NoClassDefFoundError: javax/servlet/AsyncContext
	at com.springapp.mvc.controller.SecondSentenceControllerTest.setUp(SecondSentenceControllerTest.java:35)
Caused by: java.lang.ClassNotFoundException: javax.servlet.AsyncContext
	at java.net.URLClassLoader.findClass(URLClassLoader.java:382)
	at java.lang.ClassLoader.loadClass(ClassLoader.java:424)
	at sun.misc.Launcher$AppClassLoader.loadClass(Launcher.java:349)
	at java.lang.ClassLoader.loadClass(ClassLoader.java:357)
	... 37 more

setUp(com.springapp.mvc.controller.ThirdSentenceControllerTest)  Time elapsed: 0.002 sec  <<< FAILURE!
java.lang.NoClassDefFoundError: javax/servlet/AsyncContext
	at com.springapp.mvc.controller.ThirdSentenceControllerTest.setUp(ThirdSentenceControllerTest.java:33)
Caused by: java.lang.ClassNotFoundException: javax.servlet.AsyncContext
	at java.net.URLClassLoader.findClass(URLClassLoader.java:382)
	at java.lang.ClassLoader.loadClass(ClassLoader.java:424)
	at sun.misc.Launcher$AppClassLoader.loadClass(Launcher.java:349)
	at java.lang.ClassLoader.loadClass(ClassLoader.java:357)
	... 37 more

setUp(com.springapp.mvc.controller.ThirdSentenceControllerTest)  Time elapsed: 0.002 sec  <<< FAILURE!
java.lang.NoClassDefFoundError: javax/servlet/AsyncContext
	at com.springapp.mvc.controller.ThirdSentenceControllerTest.setUp(ThirdSentenceControllerTest.java:33)
Caused by: java.lang.ClassNotFoundException: javax.servlet.AsyncContext
	at java.net.URLClassLoader.findClass(URLClassLoader.java:382)
	at java.lang.ClassLoader.loadClass(ClassLoader.java:424)
	at sun.misc.Launcher$AppClassLoader.loadClass(Launcher.java:349)
	at java.lang.ClassLoader.loadClass(ClassLoader.java:357)
	... 37 more

